Arguments: 
  /Users/liang/.nvm/versions/node/v14.20.1/bin/node /Users/liang/.nvm/versions/node/v14.20.1/bin/yarn

PATH: 
  /Users/liang/.nvm/versions/node/v14.20.1/lib/node_modules/npm/node_modules/npm-lifecycle/node-gyp-bin:/Users/liang/project/cloud-design/node_modules/.bin:/Users/liang/.nvm/versions/node/v14.20.1/bin:/usr/local/bin:/usr/bin:/bin:/usr/sbin:/sbin:/Users/liang/.nvm/versions/node/v14.20.1/bin

Yarn version: 
  1.22.19

Node version: 
  14.20.1

Platform: 
  darwin x64

Trace: 
  Error: https://registry.npmjs.org/@alicloud%2fconsole-toolkit-preset-wind-component: ETIMEDOUT
      at Timeout._onTimeout (/Users/liang/.nvm/versions/node/v14.20.1/lib/node_modules/yarn/lib/cli.js:141550:19)
      at listOnTimeout (internal/timers.js:557:17)
      at processTimers (internal/timers.js:500:7)

npm manifest: 
  {
    "name": "components",
    "private": "true",
    "workspaces": [
      "base-components",
      "extend-components/*",
      "."
    ],
    "version": "1.0.0",
    "description": "",
    "main": "index.js",
    "scripts": {
      "boot": "yarn && lerna run prepare",
      "clean": "lerna clean -y && git clean -qfdx",
      "dev": "breezr start --port 3335",
      "build-docs": "breezr build",
      "upload": "OSS_NAME=@alicloudfe/components oss-upload",
      "upload:alpha": "OSS_TAG=alpha npm run upload"
    },
    "repository": {
      "type": "git",
      "url": "https://github.com/aliyun/cloud-design"
    },
    "keywords": [],
    "author": "",
    "license": "ISC",
    "devDependencies": {
      "@alicloud/console-toolkit-preset-wind-component": "^1.0.6",
      "@alicloud/console-toolkit-cli": "^1.1.8",
      "@alicloud/console-toolkit-preset-docs": "^1.0.15",
      "@types/fs-extra": "^9.0.2",
      "@types/react": "^16.9.46",
      "@types/react-router-dom": "^5.1.5",
      "ali-oss": "^6.11.2",
      "fs-extra": "^9.0.1",
      "globby": "^11.0.1",
      "lerna": "^4.0.0",
      "mdast-util-assert": "^3.0.0",
      "react": "^16.14.0",
      "react-dom": "^16.14.0",
      "remark-frontmatter": "^3.0.0",
      "remark-parse": "^9.0.0",
      "remark-stringify": "^9.0.0",
      "styled-components": "^5.2.0",
      "typescript": "^4.0.3",
      "unified": "^9.2.0",
      "unist-util-remove-position": "^3.0.0"
    }
  }

yarn manifest: 
  No manifest

Lockfile: 
  No lockfile
